0 verbose cli /usr/local/bin/node /usr/local/bin/npm
1 info using npm@9.5.1
2 info using node@v18.16.1
3 timing npm:load:whichnode Completed in 6ms
4 timing config:load:defaults Completed in 3ms
5 timing config:load:file:/usr/local/lib/node_modules/npm/npmrc Completed in 1ms
6 timing config:load:builtin Completed in 2ms
7 timing config:load:cli Completed in 2ms
8 timing config:load:env Completed in 0ms
9 timing config:load:project Completed in 4ms
10 timing config:load:file:/root/.npmrc Completed in 7ms
11 timing config:load:user Completed in 8ms
12 timing config:load:file:/usr/local/etc/npmrc Completed in 0ms
13 timing config:load:global Completed in 1ms
14 timing config:load:setEnvs Completed in 1ms
15 timing config:load Completed in 21ms
16 timing npm:load:configload Completed in 23ms
17 timing npm:load:mkdirpcache Completed in 2ms
18 timing npm:load:mkdirplogs Completed in 1ms
19 verbose title npm run dev
20 verbose argv "run" "dev"
21 timing npm:load:setTitle Completed in 3ms
22 timing config:load:flatten Completed in 9ms
23 timing npm:load:display Completed in 12ms
24 verbose logfile logs-max:10 dir:/root/.npm/_logs/2023-07-08T15_07_21_588Z-
25 verbose logfile /root/.npm/_logs/2023-07-08T15_07_21_588Z-debug-0.log
26 timing npm:load:logFile Completed in 35ms
27 timing npm:load:timers Completed in 1ms
28 timing npm:load:configScope Completed in 0ms
29 timing npm:load Completed in 88ms
30 silly logfile start cleaning logs, removing 1 files
31 silly logfile done cleaning log files
32 timing command:run Completed in 659777ms
33 verbose exit 0
34 timing npm Completed in 659887ms
35 info ok
